ç®¡ç†ç”»é¢ã‹ã‚‰ã€ã‚¹ãƒ¼ãƒ‘ãƒ¼ãƒ¦ãƒ¼ã‚¶ãƒ¼ãƒªãƒ³ã‚¯ã‚’ã‚¯ãƒªãƒƒã‚¯ã™ã‚‹ã¨ä»¥ä¸‹ã®ã‚¨ãƒ©ãƒ¼ãŒç™ºç”Ÿã—ã¾ã™ã€‚
ç®¡ç†ç”»é¢ã‹ã‚‰ã€å¤‰æ›´ã—ãŸã„å ´åˆã©ã†ã—ãŸã‚‰ã‚ˆã„ã§ã—ã‚‡ã†ã‹ï¼Ÿ



User: pass, Authenticated: True
[18/Jan/2025 12:39:49] "GET / HTTP/1.1" 200 1072
[18/Jan/2025 12:41:21] "GET /admin/ HTTP/1.1" 200 5095
[18/Jan/2025 12:41:25] "GET /admin/accounts/user/ HTTP/1.1" 200 10281
[18/Jan/2025 12:41:26] "GET /admin/jsi18n/ HTTP/1.1" 200 3342
[18/Jan/2025 12:41:26] "GET /static/admin/js/core.js HTTP/1.1" 200 6208
[18/Jan/2025 12:41:26] "GET /static/admin/css/changelists.css HTTP/1.1" 200 6811
[18/Jan/2025 12:41:26] "GET /static/admin/js/admin/RelatedObjectLookups.js HTTP/1.1" 200 9042
[18/Jan/2025 12:41:26] "GET /static/admin/js/jquery.init.js HTTP/1.1" 200 347
[18/Jan/2025 12:41:26] "GET /static/admin/js/actions.js HTTP/1.1" 200 8067
[18/Jan/2025 12:41:26] "GET /static/admin/js/urlify.js HTTP/1.1" 200 7887
[18/Jan/2025 12:41:26] "GET /static/admin/js/prepopulate.js HTTP/1.1" 200 1531
[18/Jan/2025 12:41:26] "GET /static/admin/img/search.svg HTTP/1.1" 200 458
[18/Jan/2025 12:41:26] "GET /static/admin/img/icon-yes.svg HTTP/1.1" 200 436
[18/Jan/2025 12:41:26] "GET /static/admin/js/vendor/jquery/jquery.js HTTP/1.1" 200 285314
[18/Jan/2025 12:41:26] "GET /static/admin/js/vendor/xregexp/xregexp.js HTTP/1.1" 200 325171
[18/Jan/2025 12:41:26] "GET /static/admin/js/filters.js HTTP/1.1" 200 978
[18/Jan/2025 12:41:26] "GET /static/admin/img/tooltag-add.svg HTTP/1.1" 200 331
[18/Jan/2025 12:41:26] "GET /static/admin/img/sorting-icons.svg HTTP/1.1" 200 1097
[18/Jan/2025 12:41:26] "GET /static/admin/img/icon-viewlink.svg HTTP/1.1" 200 581
[18/Jan/2025 12:41:36] "GET /admin/accounts/user/ HTTP/1.1" 200 10281
[18/Jan/2025 12:41:36] "GET /admin/jsi18n/ HTTP/1.1" 200 3342
[18/Jan/2025 12:41:36] "GET /admin/accounts/ HTTP/1.1" 200 5047
[18/Jan/2025 12:41:39] "GET /admin/accounts/user/ HTTP/1.1" 200 10281
[18/Jan/2025 12:41:39] "GET /admin/jsi18n/ HTTP/1.1" 200 3342
Internal Server Error: /admin/accounts/user/1/change/
Traceback (most recent call last):
  File "C:\Program Files\Python\Python310\lib\site-packages\django\contrib\admin\options.py", line 837, in get_form
    return modelform_factory(self.model, **defaults)
  File "C:\Program Files\Python\Python310\lib\site-packages\django\forms\models.py", line 652, in modelform_factory
    return type(form)(class_name, (form,), form_class_attrs)
  File "C:\Program Files\Python\Python310\lib\site-packages\django\forms\models.py", line 310, in __new__
    fields = fields_for_model(
  File "C:\Program Files\Python\Python310\lib\site-packages\django\forms\models.py", line 205, in fields_for_model
    raise FieldError(
django.core.exceptions.FieldError: 'created_at' cannot be specified for User model form as it is a non-editable field

During handling of the above exception, another exception occurred:

Traceback (most recent call last):
  File "C:\Program Files\Python\Python310\lib\site-packages\django\core\handlers\exception.py", line 55, in inner
    response = get_response(request)
  File "C:\Program Files\Python\Python310\lib\site-packages\django\core\handlers\base.py", line 197, in _get_response
    response = wrapped_callback(request, *callback_args, **callback_kwargs)
  File "C:\Program Files\Python\Python310\lib\site-packages\django\contrib\admin\options.py", line 716, in wrapper
    return self.admin_site.admin_view(view)(*args, **kwargs)
  File "C:\Program Files\Python\Python310\lib\site-packages\django\utils\decorators.py", line 188, in _view_wrapper
    result = _process_exception(request, e)
  File "C:\Program Files\Python\Python310\lib\site-packages\django\utils\decorators.py", line 186, in _view_wrapper
    response = view_func(request, *args, **kwargs)
  File "C:\Program Files\Python\Python310\lib\site-packages\django\views\decorators\cache.py", line 80, in _view_wrapper
    response = view_func(request, *args, **kwargs)
  File "C:\Program Files\Python\Python310\lib\site-packages\django\contrib\admin\sites.py", line 240, in inner
    return view(request, *args, **kwargs)
  File "C:\Program Files\Python\Python310\lib\site-packages\django\contrib\admin\options.py", line 1948, in change_view
    return self.changeform_view(request, object_id, form_url, extra_context)
  File "C:\Program Files\Python\Python310\lib\site-packages\django\utils\decorators.py", line 48, in _wrapper
    return bound_method(*args, **kwargs)
  File "C:\Program Files\Python\Python310\lib\site-packages\django\utils\decorators.py", line 188, in _view_wrapper
    result = _process_exception(request, e)
  File "C:\Program Files\Python\Python310\lib\site-packages\django\utils\decorators.py", line 186, in _view_wrapper
    response = view_func(request, *args, **kwargs)
  File "C:\Program Files\Python\Python310\lib\site-packages\django\contrib\admin\options.py", line 1804, in changeform_view
    return self._changeform_view(request, object_id, form_url, extra_context)
  File "C:\Program Files\Python\Python310\lib\site-packages\django\contrib\admin\options.py", line 1839, in _changeform_view
    ModelForm = self.get_form(
  File "C:\Program Files\Python\Python310\lib\site-packages\django\contrib\auth\admin.py", line 98, in get_form
    return super().get_form(request, obj, **defaults)
  File "C:\Program Files\Python\Python310\lib\site-packages\django\contrib\admin\options.py", line 839, in get_form
    raise FieldError(
django.core.exceptions.FieldError: 'created_at' cannot be specified for User model form as it is a non-editable field. Check fields/fieldsets/exclude attributes of class UserAdmin.
[18/Jan/2025 12:43:40] "GET /admin/accounts/user/1/change/ HTTP/1.1" 500 160200
[18/Jan/2025 12:43:44] "GET /admin/accounts/user/ HTTP/1.1" 200 10281
Internal Server Error: /admin/accounts/user/1/change/
Traceback (most recent call last):
  File "C:\Program Files\Python\Python310\lib\site-packages\django\contrib\admin\options.py", line 837, in get_form
    return modelform_factory(self.model, **defaults)
  File "C:\Program Files\Python\Python310\lib\site-packages\django\forms\models.py", line 652, in modelform_factory
    return type(form)(class_name, (form,), form_class_attrs)
  File "C:\Program Files\Python\Python310\lib\site-packages\django\forms\models.py", line 310, in __new__
    fields = fields_for_model(
  File "C:\Program Files\Python\Python310\lib\site-packages\django\forms\models.py", line 205, in fields_for_model
    raise FieldError(
django.core.exceptions.FieldError: 'created_at' cannot be specified for User model form as it is a non-editable field

During handling of the above exception, another exception occurred:

Traceback (most recent call last):
  File "C:\Program Files\Python\Python310\lib\site-packages\django\core\handlers\exception.py", line 55, in inner
    response = get_response(request)
  File "C:\Program Files\Python\Python310\lib\site-packages\django\core\handlers\base.py", line 197, in _get_response
    response = wrapped_callback(request, *callback_args, **callback_kwargs)
  File "C:\Program Files\Python\Python310\lib\site-packages\django\contrib\admin\options.py", line 716, in wrapper
    return self.admin_site.admin_view(view)(*args, **kwargs)
  File "C:\Program Files\Python\Python310\lib\site-packages\django\utils\decorators.py", line 188, in _view_wrapper
    result = _process_exception(request, e)
  File "C:\Program Files\Python\Python310\lib\site-packages\django\utils\decorators.py", line 186, in _view_wrapper
    response = view_func(request, *args, **kwargs)
  File "C:\Program Files\Python\Python310\lib\site-packages\django\views\decorators\cache.py", line 80, in _view_wrapper
    response = view_func(request, *args, **kwargs)
  File "C:\Program Files\Python\Python310\lib\site-packages\django\contrib\admin\sites.py", line 240, in inner
    return view(request, *args, **kwargs)
  File "C:\Program Files\Python\Python310\lib\site-packages\django\contrib\admin\options.py", line 1948, in change_view
    return self.changeform_view(request, object_id, form_url, extra_context)
  File "C:\Program Files\Python\Python310\lib\site-packages\django\utils\decorators.py", line 48, in _wrapper
    return bound_method(*args, **kwargs)
  File "C:\Program Files\Python\Python310\lib\site-packages\django\utils\decorators.py", line 188, in _view_wrapper
    result = _process_exception(request, e)
  File "C:\Program Files\Python\Python310\lib\site-packages\django\utils\decorators.py", line 186, in _view_wrapper
    response = view_func(request, *args, **kwargs)
  File "C:\Program Files\Python\Python310\lib\site-packages\django\contrib\admin\options.py", line 1804, in changeform_view
    return self._changeform_view(request, object_id, form_url, extra_context)
  File "C:\Program Files\Python\Python310\lib\site-packages\django\contrib\admin\options.py", line 1839, in _changeform_view
    ModelForm = self.get_form(
  File "C:\Program Files\Python\Python310\lib\site-packages\django\contrib\auth\admin.py", line 98, in get_form
    return super().get_form(request, obj, **defaults)
  File "C:\Program Files\Python\Python310\lib\site-packages\django\contrib\admin\options.py", line 839, in get_form
    raise FieldError(
django.core.exceptions.FieldError: 'created_at' cannot be specified for User model form as it is a non-editable field. Check fields/fieldsets/exclude attributes of class UserAdmin.
[18/Jan/2025 12:43:45] "GET /admin/accounts/user/1/change/ HTTP/1.1" 500 160200
[18/Jan/2025 12:44:21] "GET /admin/accounts/user/ HTTP/1.1" 200 10281
Internal Server Error: /admin/accounts/user/1/change/
Traceback (most recent call last):
  File "C:\Program Files\Python\Python310\lib\site-packages\django\contrib\admin\options.py", line 837, in get_form
    return modelform_factory(self.model, **defaults)
  File "C:\Program Files\Python\Python310\lib\site-packages\django\forms\models.py", line 652, in modelform_factory
    return type(form)(class_name, (form,), form_class_attrs)
  File "C:\Program Files\Python\Python310\lib\site-packages\django\forms\models.py", line 310, in __new__
    fields = fields_for_model(
  File "C:\Program Files\Python\Python310\lib\site-packages\django\forms\models.py", line 205, in fields_for_model
    raise FieldError(
django.core.exceptions.FieldError: 'created_at' cannot be specified for User model form as it is a non-editable field

During handling of the above exception, another exception occurred:

Traceback (most recent call last):
  File "C:\Program Files\Python\Python310\lib\site-packages\django\core\handlers\exception.py", line 55, in inner
    response = get_response(request)
  File "C:\Program Files\Python\Python310\lib\site-packages\django\core\handlers\base.py", line 197, in _get_response
    response = wrapped_callback(request, *callback_args, **callback_kwargs)
  File "C:\Program Files\Python\Python310\lib\site-packages\django\contrib\admin\options.py", line 716, in wrapper
    return self.admin_site.admin_view(view)(*args, **kwargs)
  File "C:\Program Files\Python\Python310\lib\site-packages\django\utils\decorators.py", line 188, in _view_wrapper
    result = _process_exception(request, e)
  File "C:\Program Files\Python\Python310\lib\site-packages\django\utils\decorators.py", line 186, in _view_wrapper
    response = view_func(request, *args, **kwargs)
  File "C:\Program Files\Python\Python310\lib\site-packages\django\views\decorators\cache.py", line 80, in _view_wrapper
    response = view_func(request, *args, **kwargs)
  File "C:\Program Files\Python\Python310\lib\site-packages\django\contrib\admin\sites.py", line 240, in inner
    return view(request, *args, **kwargs)
  File "C:\Program Files\Python\Python310\lib\site-packages\django\contrib\admin\options.py", line 1948, in change_view
    return self.changeform_view(request, object_id, form_url, extra_context)
  File "C:\Program Files\Python\Python310\lib\site-packages\django\utils\decorators.py", line 48, in _wrapper
    return bound_method(*args, **kwargs)
  File "C:\Program Files\Python\Python310\lib\site-packages\django\utils\decorators.py", line 188, in _view_wrapper
    result = _process_exception(request, e)
  File "C:\Program Files\Python\Python310\lib\site-packages\django\utils\decorators.py", line 186, in _view_wrapper
    response = view_func(request, *args, **kwargs)
  File "C:\Program Files\Python\Python310\lib\site-packages\django\contrib\admin\options.py", line 1804, in changeform_view
    return self._changeform_view(request, object_id, form_url, extra_context)
  File "C:\Program Files\Python\Python310\lib\site-packages\django\contrib\admin\options.py", line 1839, in _changeform_view
    ModelForm = self.get_form(
  File "C:\Program Files\Python\Python310\lib\site-packages\django\contrib\auth\admin.py", line 98, in get_form
    return super().get_form(request, obj, **defaults)
  File "C:\Program Files\Python\Python310\lib\site-packages\django\contrib\admin\options.py", line 839, in get_form
    raise FieldError(
django.core.exceptions.FieldError: 'created_at' cannot be specified for User model form as it is a non-editable field. Check fields/fieldsets/exclude attributes of class UserAdmin.
[18/Jan/2025 12:44:31] "GET /admin/accounts/user/1/change/ HTTP/1.1" 500 160200


************

ã‚¨ãƒ©ãƒ¼ã®åŸå› ã¯ã€`created_at` ãƒ•ã‚£ãƒ¼ãƒ«ãƒ‰ãŒ **éç·¨é›†å¯èƒ½** (`editable=False`) ã«è¨­å®šã•ã‚Œã¦ã„ã‚‹ãŸã‚ã€Django ç®¡ç†ç”»é¢ã§ã®ãƒ¢ãƒ‡ãƒ«ãƒ•ã‚©ãƒ¼ãƒ ã«ä½¿ç”¨ã§ããªã„ã“ã¨ã§ã™ã€‚

Djangoã®ç®¡ç†ç”»é¢ã§ã¯ã€`UserAdmin` ã‚¯ãƒ©ã‚¹ã§æŒ‡å®šã•ã‚Œã¦ã„ã‚‹ `fieldsets` ã¾ãŸã¯ `fields` ã«ãƒªã‚¹ãƒˆã‚¢ãƒƒãƒ—ã•ã‚ŒãŸãƒ•ã‚£ãƒ¼ãƒ«ãƒ‰ã¯ç·¨é›†å¯èƒ½ã§ã‚ã‚‹å¿…è¦ãŒã‚ã‚Šã¾ã™ã€‚

---

### **è§£æ±ºæ–¹æ³•**

ä»¥ä¸‹ã®æ‰‹é †ã§å•é¡Œã‚’è§£æ±ºã§ãã¾ã™ï¼š

---

#### **1. `UserAdmin` ã‚¯ãƒ©ã‚¹ã® `fieldsets` ã¾ãŸã¯ `fields` ã‚’ä¿®æ­£**

`created_at` ãƒ•ã‚£ãƒ¼ãƒ«ãƒ‰ã‚’ãƒ•ã‚©ãƒ¼ãƒ ã‹ã‚‰é™¤å¤–ã—ã¾ã™ã€‚

##### **`admin.py` ã®ä¿®æ­£**
```python
from django.contrib import admin
from django.contrib.auth.admin import UserAdmin
from .models import User

class CustomUserAdmin(UserAdmin):
    # å¿…è¦ãªãƒ•ã‚£ãƒ¼ãƒ«ãƒ‰ã®ã¿æŒ‡å®š
    fieldsets = (
        (None, {"fields": ("account_id", "password")}),
        ("Personal info", {"fields": ("first_name", "last_name", "email", "birth_date")}),
        ("Permissions", {"fields": ("is_active", "is_staff", "is_superuser", "groups", "user_permissions")}),
        ("Important dates", {"fields": ("last_login",)}),
    )
    # ãƒªã‚¹ãƒˆã«è¡¨ç¤ºã™ã‚‹ãƒ•ã‚£ãƒ¼ãƒ«ãƒ‰
    list_display = ("account_id", "email", "first_name", "last_name", "is_staff")
    search_fields = ("account_id", "email", "first_name", "last_name")
    ordering = ("account_id",)

# UserAdmin ã‚’ã‚«ã‚¹ã‚¿ãƒã‚¤ã‚º
admin.site.register(User, CustomUserAdmin)
```

---

#### **2. `readonly_fields` ã‚’ä½¿ç”¨ã—ã¦è¡¨ç¤ºå°‚ç”¨ã«ã™ã‚‹**

ç®¡ç†ç”»é¢ã§ `created_at` ã‚’è¡¨ç¤ºã—ãŸã„å ´åˆã¯ã€ç·¨é›†ä¸å¯ã®ãƒ•ã‚£ãƒ¼ãƒ«ãƒ‰ã¨ã—ã¦æŒ‡å®šã§ãã¾ã™ã€‚

##### **`admin.py` ã®ä¿®æ­£**
```python
class CustomUserAdmin(UserAdmin):
    fieldsets = (
        (None, {"fields": ("account_id", "password")}),
        ("Personal info", {"fields": ("first_name", "last_name", "email", "birth_date")}),
        ("Permissions", {"fields": ("is_active", "is_staff", "is_superuser", "groups", "user_permissions")}),
        ("Important dates", {"fields": ("last_login", "created_at")}),
    )
    readonly_fields = ("created_at",)  # ç·¨é›†ä¸å¯ã«è¨­å®š
```

---

#### **3. ã‚¨ãƒ©ãƒ¼ã®è§£æ¶ˆã‚’ç¢ºèª**

1. **ã‚µãƒ¼ãƒãƒ¼ã‚’å†èµ·å‹•**:
   ```bash
   python manage.py runserver
   ```

2. **ç®¡ç†ç”»é¢ã«ã‚¢ã‚¯ã‚»ã‚¹**:
   `http://127.0.0.1:8000/admin/accounts/user/`

3. ã‚¹ãƒ¼ãƒ‘ãƒ¼ãƒ¦ãƒ¼ã‚¶ãƒ¼ã®ç·¨é›†ç”»é¢ã§ã‚¨ãƒ©ãƒ¼ãŒè§£æ¶ˆã—ã€`created_at` ãƒ•ã‚£ãƒ¼ãƒ«ãƒ‰ãŒè¡¨ç¤ºã•ã‚Œãªã„ã€ã¾ãŸã¯ç·¨é›†ä¸å¯ã¨ã—ã¦è¡¨ç¤ºã•ã‚Œã¦ã„ã‚‹ã“ã¨ã‚’ç¢ºèªã—ã¾ã™ã€‚

---

### **ãã®ä»–ã®æ³¨æ„ç‚¹**

- **ã‚«ã‚¹ã‚¿ãƒ ãƒ¢ãƒ‡ãƒ«ã®å®Œå…¨ãªãƒã‚§ãƒƒã‚¯**:
  ä»–ã®ãƒ•ã‚£ãƒ¼ãƒ«ãƒ‰ã§ã‚‚åŒæ§˜ã« `editable=False` ãŒè¨­å®šã•ã‚Œã¦ã„ã‚‹å ´åˆã¯ã€åŒã˜ã‚¨ãƒ©ãƒ¼ãŒç™ºç”Ÿã™ã‚‹å¯èƒ½æ€§ãŒã‚ã‚Šã¾ã™ã€‚
  - å¯¾ç­–: `fieldsets` ã‹ã‚‰ç·¨é›†ä¸å¯ã®ãƒ•ã‚£ãƒ¼ãƒ«ãƒ‰ã‚’é™¤å¤–ã—ã¾ã™ã€‚

- **æ–°ãŸãªãƒ•ã‚£ãƒ¼ãƒ«ãƒ‰ã‚’è¿½åŠ ã™ã‚‹å ´åˆ**:
  ãƒ¢ãƒ‡ãƒ«ã«ãƒ•ã‚£ãƒ¼ãƒ«ãƒ‰ã‚’è¿½åŠ ã™ã‚‹éš›ã¯ã€ç®¡ç†ç”»é¢ã§ç·¨é›†å¯èƒ½ã‹ã©ã†ã‹ã‚’è€ƒæ…®ã—ã¦ `editable` å±æ€§ã‚’è¨­å®šã—ã¦ãã ã•ã„ã€‚

ã“ã‚Œã§å•é¡ŒãŒè§£æ±ºã—ã€ã‚¹ãƒ¼ãƒ‘ãƒ¼ãƒ¦ãƒ¼ã‚¶ãƒ¼ã®ç®¡ç†ç”»é¢ã‹ã‚‰ã®ç·¨é›†ãŒæ­£å¸¸ã«è¡Œãˆã‚‹ã¯ãšã§ã™ï¼ ğŸ˜Š


***********
admin.py ã®å¤‰æ›´


# from django.contrib import admin

# Register your models here.
from django.contrib import admin
from django.contrib.auth.models import Group


from .models import User
from django.contrib.auth.admin import UserAdmin  # UserAdmin ã‚’ã‚¤ãƒ³ãƒãƒ¼ãƒˆ
# Django ã§ã¯ã€UserAdmin ã¯æ¨™æº–çš„ãª User ãƒ¢ãƒ‡ãƒ«ã®ç®¡ç†ç”»é¢ã‚’æä¾›ã™ã‚‹ãŸã‚ã®ã‚¯ãƒ©ã‚¹ã¨ã—ã¦å®šç¾©ã•ã‚Œã¦ã„ã¾ã™ã€‚
# ã“ã®ã‚¯ãƒ©ã‚¹ã‚’ã‚¤ãƒ³ãƒãƒ¼ãƒˆã™ã‚‹ã“ã¨ã§ã€Django ç®¡ç†ç”»é¢ã«ã‚«ã‚¹ã‚¿ãƒ ãƒ¦ãƒ¼ã‚¶ãƒ¼ãƒ¢ãƒ‡ãƒ«ã‚’ç™»éŒ²ã§ãã‚‹ã‚ˆã†ã«ãªã‚Šã¾ã™ã€‚

from django.contrib.auth.admin import UserAdmin as BaseUserAdmin

class UserAdmin(BaseUserAdmin):
    # ç®¡ç†ç”»é¢ã§ä½¿ç”¨ã™ã‚‹ãƒ•ã‚£ãƒ¼ãƒ«ãƒ‰ã®ã‚«ã‚¹ã‚¿ãƒã‚¤ã‚º
    ordering = ['account_id']  # ãƒ‡ãƒ•ã‚©ãƒ«ãƒˆã®ä¸¦ã³é †
    list_display = ['account_id', 'email', 'is_staff', 'is_active']  # ãƒªã‚¹ãƒˆãƒ“ãƒ¥ãƒ¼ã®ã‚«ãƒ©ãƒ 
    search_fields = ['account_id', 'email']  # æ¤œç´¢å¯èƒ½ãªãƒ•ã‚£ãƒ¼ãƒ«ãƒ‰

    # # ãƒ•ã‚©ãƒ¼ãƒ ã®ãƒ¬ã‚¤ã‚¢ã‚¦ãƒˆã‚’ã‚«ã‚¹ã‚¿ãƒã‚¤ã‚º
    # fieldsets = (
    #     (None, {'fields': ('account_id', 'email', 'password')}),
    #     ('Personal Info', {'fields': ('first_name', 'last_name', 'birth_date')}),
    #     ('Permissions', {'fields': ('is_active', 'is_staff', 'is_superuser', 'groups', 'user_permissions')}),
    #     ('Important dates', {'fields': ('last_login', 'created_at', 'updated_at')}),
    # )
    # add_fieldsets = (
    #     (None, {
    #         'classes': ('wide',),
    #         'fields': ('account_id', 'email', 'password1', 'password2', 'is_active', 'is_staff', 'is_superuser'),
    #     }),
    # )

    # å¿…è¦ãªãƒ•ã‚£ãƒ¼ãƒ«ãƒ‰ã®ã¿æŒ‡å®š
    fieldsets = (
        (None, {"fields": ("account_id", "password")}),
        ("Personal info", {"fields": ("first_name", "last_name", "email", "birth_date")}),
        ("Permissions", {"fields": ("is_active", "is_staff", "is_superuser", "groups", "user_permissions")}),
        ("Important dates", {"fields": ("last_login",)}),
    )
    # ãƒªã‚¹ãƒˆã«è¡¨ç¤ºã™ã‚‹ãƒ•ã‚£ãƒ¼ãƒ«ãƒ‰
    list_display = ("account_id", "email", "first_name", "last_name", "is_staff")
    search_fields = ("account_id", "email", "first_name", "last_name")
    ordering = ("account_id",)
    
    readonly_fields = ("created_at",)  # ç·¨é›†ä¸å¯ã«è¨­å®š


admin.site.register(User, UserAdmin)  # Userãƒ¢ãƒ‡ãƒ«ã‚’ç™»éŒ²
admin.site.unregister(Group)  # Groupãƒ¢ãƒ‡ãƒ«ã¯ä¸è¦ã®ãŸã‚éè¡¨ç¤ºã«ã—ã¾ã™


